#! /usr/bin/vvp
:ivl_version "12.0 (stable)";
:ivl_delay_selection "TYPICAL";
:vpi_time_precision + 0;
:vpi_module "/usr/lib/x86_64-linux-gnu/ivl/system.vpi";
:vpi_module "/usr/lib/x86_64-linux-gnu/ivl/vhdl_sys.vpi";
:vpi_module "/usr/lib/x86_64-linux-gnu/ivl/vhdl_textio.vpi";
:vpi_module "/usr/lib/x86_64-linux-gnu/ivl/v2005_math.vpi";
:vpi_module "/usr/lib/x86_64-linux-gnu/ivl/va_math.vpi";
S_0x5ac76197dcf0 .scope module, "tb_mealyseq" "tb_mealyseq" 2 1;
 .timescale 0 0;
v0x5ac7619937f0_0 .var "clk", 0 0;
v0x5ac7619938b0_0 .var "d", 0 0;
v0x5ac761993980_0 .net "q", 0 0, v0x5ac7619934c0_0;  1 drivers
v0x5ac761993a80_0 .var "rst", 0 0;
E_0x5ac76197a320 .event posedge, v0x5ac761941490_0;
S_0x5ac76197de80 .scope module, "uut" "mealy_seq" 2 7, 3 1 0, S_0x5ac76197dcf0;
 .timescale 0 0;
    .port_info 0 /INPUT 1 "clk";
    .port_info 1 /INPUT 1 "rst";
    .port_info 2 /INPUT 1 "d";
    .port_info 3 /OUTPUT 1 "q";
P_0x5ac761968fc0 .param/l "S0" 1 3 10, C4<00>;
P_0x5ac761969000 .param/l "S1" 1 3 11, C4<01>;
P_0x5ac761969040 .param/l "S2" 1 3 12, C4<10>;
P_0x5ac761969080 .param/l "STATE_WIDTH" 0 3 2, +C4<00000000000000000000000000000010>;
v0x5ac761941490_0 .net "clk", 0 0, v0x5ac7619937f0_0;  1 drivers
v0x5ac761993310_0 .net "d", 0 0, v0x5ac7619938b0_0;  1 drivers
v0x5ac7619933d0_0 .var "next_state", 1 0;
v0x5ac7619934c0_0 .var "q", 0 0;
v0x5ac761993580_0 .net "rst", 0 0, v0x5ac761993a80_0;  1 drivers
v0x5ac761993690_0 .var "state", 1 0;
E_0x5ac761941cc0 .event anyedge, v0x5ac761993690_0, v0x5ac761993310_0;
E_0x5ac76197ae20/0 .event negedge, v0x5ac761993580_0;
E_0x5ac76197ae20/1 .event posedge, v0x5ac761941490_0;
E_0x5ac76197ae20 .event/or E_0x5ac76197ae20/0, E_0x5ac76197ae20/1;
    .scope S_0x5ac76197de80;
T_0 ;
    %wait E_0x5ac76197ae20;
    %load/vec4 v0x5ac761993580_0;
    %nor/r;
    %flag_set/vec4 8;
    %jmp/0xz  T_0.0, 8;
    %pushi/vec4 0, 0, 2;
    %assign/vec4 v0x5ac761993690_0, 0;
    %jmp T_0.1;
T_0.0 ;
    %load/vec4 v0x5ac7619933d0_0;
    %assign/vec4 v0x5ac761993690_0, 0;
T_0.1 ;
    %jmp T_0;
    .thread T_0;
    .scope S_0x5ac76197de80;
T_1 ;
    %wait E_0x5ac761941cc0;
    %load/vec4 v0x5ac761993690_0;
    %store/vec4 v0x5ac7619933d0_0, 0, 2;
    %pushi/vec4 0, 0, 1;
    %store/vec4 v0x5ac7619934c0_0, 0, 1;
    %load/vec4 v0x5ac761993690_0;
    %dup/vec4;
    %pushi/vec4 0, 0, 2;
    %cmp/u;
    %jmp/1 T_1.0, 6;
    %dup/vec4;
    %pushi/vec4 1, 0, 2;
    %cmp/u;
    %jmp/1 T_1.1, 6;
    %dup/vec4;
    %pushi/vec4 2, 0, 2;
    %cmp/u;
    %jmp/1 T_1.2, 6;
    %jmp T_1.3;
T_1.0 ;
    %load/vec4 v0x5ac761993310_0;
    %flag_set/vec4 8;
    %jmp/0xz  T_1.4, 8;
    %pushi/vec4 1, 0, 2;
    %store/vec4 v0x5ac7619933d0_0, 0, 2;
T_1.4 ;
    %jmp T_1.3;
T_1.1 ;
    %load/vec4 v0x5ac761993310_0;
    %nor/r;
    %flag_set/vec4 8;
    %jmp/0xz  T_1.6, 8;
    %pushi/vec4 2, 0, 2;
    %store/vec4 v0x5ac7619933d0_0, 0, 2;
T_1.6 ;
    %jmp T_1.3;
T_1.2 ;
    %load/vec4 v0x5ac761993310_0;
    %flag_set/vec4 8;
    %jmp/0xz  T_1.8, 8;
    %pushi/vec4 1, 0, 2;
    %store/vec4 v0x5ac7619933d0_0, 0, 2;
    %pushi/vec4 1, 0, 1;
    %store/vec4 v0x5ac7619934c0_0, 0, 1;
    %jmp T_1.9;
T_1.8 ;
    %pushi/vec4 0, 0, 2;
    %store/vec4 v0x5ac7619933d0_0, 0, 2;
T_1.9 ;
    %jmp T_1.3;
T_1.3 ;
    %pop/vec4 1;
    %jmp T_1;
    .thread T_1, $push;
    .scope S_0x5ac76197dcf0;
T_2 ;
    %delay 5, 0;
    %load/vec4 v0x5ac7619937f0_0;
    %inv;
    %store/vec4 v0x5ac7619937f0_0, 0, 1;
    %jmp T_2;
    .thread T_2;
    .scope S_0x5ac76197dcf0;
T_3 ;
    %wait E_0x5ac76197a320;
    %vpi_func 2 17 "$random" 32 {0 0 0};
    %pushi/vec4 2, 0, 32;
    %mod/s;
    %pad/s 1;
    %assign/vec4 v0x5ac7619938b0_0, 0;
    %jmp T_3;
    .thread T_3;
    .scope S_0x5ac76197dcf0;
T_4 ;
    %pushi/vec4 0, 0, 1;
    %store/vec4 v0x5ac7619937f0_0, 0, 1;
    %pushi/vec4 0, 0, 1;
    %store/vec4 v0x5ac761993a80_0, 0, 1;
    %pushi/vec4 0, 0, 1;
    %store/vec4 v0x5ac7619938b0_0, 0, 1;
    %delay 10, 0;
    %pushi/vec4 1, 0, 1;
    %store/vec4 v0x5ac761993a80_0, 0, 1;
    %delay 200, 0;
    %vpi_call 2 25 "$finish" {0 0 0};
    %end;
    .thread T_4;
    .scope S_0x5ac76197dcf0;
T_5 ;
    %vpi_call 2 28 "$dumpfile", "out_seqmealy.vcd" {0 0 0};
    %vpi_call 2 29 "$dumpvars", 32'sb00000000000000000000000000000000, S_0x5ac76197dcf0 {0 0 0};
    %vpi_call 2 30 "$monitor", "T=%0t | d=%b | q=%b ", $time, v0x5ac7619938b0_0, v0x5ac761993980_0 {0 0 0};
    %end;
    .thread T_5;
# The file index is used to find the file name in the following table.
:file_names 4;
    "N/A";
    "<interactive>";
    "tb_mealyseq.v";
    "mealyseq.v";
