#! /usr/bin/vvp
:ivl_version "12.0 (stable)";
:ivl_delay_selection "TYPICAL";
:vpi_time_precision + 0;
:vpi_module "/usr/lib/x86_64-linux-gnu/ivl/system.vpi";
:vpi_module "/usr/lib/x86_64-linux-gnu/ivl/vhdl_sys.vpi";
:vpi_module "/usr/lib/x86_64-linux-gnu/ivl/vhdl_textio.vpi";
:vpi_module "/usr/lib/x86_64-linux-gnu/ivl/v2005_math.vpi";
:vpi_module "/usr/lib/x86_64-linux-gnu/ivl/va_math.vpi";
S_0x620c8a776510 .scope module, "halfadder" "halfadder" 2 1;
 .timescale 0 0;
    .port_info 0 /INPUT 1 "a";
    .port_info 1 /INPUT 1 "b";
    .port_info 2 /OUTPUT 1 "sum";
    .port_info 3 /OUTPUT 1 "carry";
o0x7b2cbf697018 .functor BUFZ 1, C4<z>; HiZ drive
o0x7b2cbf697048 .functor BUFZ 1, C4<z>; HiZ drive
L_0x620c8a7bd350 .functor XOR 1, o0x7b2cbf697018, o0x7b2cbf697048, C4<0>, C4<0>;
L_0x620c8a7bd440 .functor AND 1, o0x7b2cbf697018, o0x7b2cbf697048, C4<1>, C4<1>;
v0x620c8a776710_0 .net "a", 0 0, o0x7b2cbf697018;  0 drivers
v0x620c8a7bd050_0 .net "b", 0 0, o0x7b2cbf697048;  0 drivers
v0x620c8a7bd110_0 .net "carry", 0 0, L_0x620c8a7bd440;  1 drivers
v0x620c8a7bd1e0_0 .net "sum", 0 0, L_0x620c8a7bd350;  1 drivers
# The file index is used to find the file name in the following table.
:file_names 3;
    "N/A";
    "<interactive>";
    "halfadder.v";
