#! /usr/bin/vvp
:ivl_version "12.0 (stable)";
:ivl_delay_selection "TYPICAL";
:vpi_time_precision + 0;
:vpi_module "/usr/lib/x86_64-linux-gnu/ivl/system.vpi";
:vpi_module "/usr/lib/x86_64-linux-gnu/ivl/vhdl_sys.vpi";
:vpi_module "/usr/lib/x86_64-linux-gnu/ivl/vhdl_textio.vpi";
:vpi_module "/usr/lib/x86_64-linux-gnu/ivl/v2005_math.vpi";
:vpi_module "/usr/lib/x86_64-linux-gnu/ivl/va_math.vpi";
S_0x6367a6bc2530 .scope module, "tb_mux" "tb_mux" 2 1;
 .timescale 0 0;
v0x6367a6bd56b0_0 .var "a", 0 0;
v0x6367a6bd5770_0 .var "b", 0 0;
v0x6367a6bd5840_0 .net "c", 0 0, L_0x6367a6bd5ad0;  1 drivers
v0x6367a6bd5940_0 .var/i "i", 31 0;
v0x6367a6bd59e0_0 .var "sel", 0 0;
S_0x6367a6bc26c0 .scope module, "uut" "mux" 2 6, 3 1 0, S_0x6367a6bc2530;
 .timescale 0 0;
    .port_info 0 /INPUT 1 "a";
    .port_info 1 /INPUT 1 "b";
    .port_info 2 /INPUT 1 "sel";
    .port_info 3 /OUTPUT 1 "c";
v0x6367a6bc2910_0 .net "a", 0 0, v0x6367a6bd56b0_0;  1 drivers
v0x6367a6bd53e0_0 .net "b", 0 0, v0x6367a6bd5770_0;  1 drivers
v0x6367a6bd54a0_0 .net "c", 0 0, L_0x6367a6bd5ad0;  alias, 1 drivers
v0x6367a6bd5540_0 .net "sel", 0 0, v0x6367a6bd59e0_0;  1 drivers
L_0x6367a6bd5ad0 .functor MUXZ 1, v0x6367a6bd5770_0, v0x6367a6bd56b0_0, v0x6367a6bd59e0_0, C4<>;
    .scope S_0x6367a6bc2530;
T_0 ;
    %pushi/vec4 0, 0, 1;
    %store/vec4 v0x6367a6bd56b0_0, 0, 1;
    %pushi/vec4 0, 0, 1;
    %store/vec4 v0x6367a6bd5770_0, 0, 1;
    %pushi/vec4 0, 0, 1;
    %store/vec4 v0x6367a6bd59e0_0, 0, 1;
    %pushi/vec4 0, 0, 32;
    %store/vec4 v0x6367a6bd5940_0, 0, 32;
T_0.0 ;
    %load/vec4 v0x6367a6bd5940_0;
    %cmpi/s 7, 0, 32;
    %jmp/0xz T_0.1, 5;
    %load/vec4 v0x6367a6bd5940_0;
    %pad/s 3;
    %split/vec4 1;
    %store/vec4 v0x6367a6bd59e0_0, 0, 1;
    %split/vec4 1;
    %store/vec4 v0x6367a6bd5770_0, 0, 1;
    %store/vec4 v0x6367a6bd56b0_0, 0, 1;
    %delay 10, 0;
    %load/vec4 v0x6367a6bd5940_0;
    %addi 1, 0, 32;
    %store/vec4 v0x6367a6bd5940_0, 0, 32;
    %jmp T_0.0;
T_0.1 ;
    %end;
    .thread T_0;
    .scope S_0x6367a6bc2530;
T_1 ;
    %vpi_call 2 19 "$dumpfile", "out_mux.vcd" {0 0 0};
    %vpi_call 2 20 "$dumpvars", 32'sb00000000000000000000000000000000, S_0x6367a6bc2530 {0 0 0};
    %vpi_call 2 21 "$monitor", " a=%0b b=%0b sel=%0b c=%0b", v0x6367a6bd56b0_0, v0x6367a6bd5770_0, v0x6367a6bd59e0_0, v0x6367a6bd5840_0 {0 0 0};
    %end;
    .thread T_1;
# The file index is used to find the file name in the following table.
:file_names 4;
    "N/A";
    "<interactive>";
    "tbmux_2:1.v";
    "mux_2:1.v";
