#! /usr/bin/vvp
:ivl_version "12.0 (stable)";
:ivl_delay_selection "TYPICAL";
:vpi_time_precision + 0;
:vpi_module "/usr/lib/x86_64-linux-gnu/ivl/system.vpi";
:vpi_module "/usr/lib/x86_64-linux-gnu/ivl/vhdl_sys.vpi";
:vpi_module "/usr/lib/x86_64-linux-gnu/ivl/vhdl_textio.vpi";
:vpi_module "/usr/lib/x86_64-linux-gnu/ivl/v2005_math.vpi";
:vpi_module "/usr/lib/x86_64-linux-gnu/ivl/va_math.vpi";
S_0x5f6945d30190 .scope module, "tb_sequence" "tb_sequence" 2 1;
 .timescale 0 0;
v0x5f6945d1d430_0 .net "Q", 0 0, v0x5f6945d1c270_0;  1 drivers
v0x5f6945d48f10_0 .var "clk", 0 0;
v0x5f6945d48fb0_0 .var "d", 0 0;
v0x5f6945d49050_0 .var "rst", 0 0;
E_0x5f6945d2c6b0 .event posedge, v0x5f6945d1c580_0;
S_0x5f6945cf3490 .scope module, "uut" "sequence_detector" 2 6, 3 1 0, S_0x5f6945d30190;
 .timescale 0 0;
    .port_info 0 /INPUT 1 "clk";
    .port_info 1 /INPUT 1 "rst";
    .port_info 2 /INPUT 1 "d";
    .port_info 3 /OUTPUT 1 "Q";
v0x5f6945d1c270_0 .var "Q", 0 0;
v0x5f6945d1c580_0 .net "clk", 0 0, v0x5f6945d48f10_0;  1 drivers
v0x5f6945d1c850_0 .net "d", 0 0, v0x5f6945d48fb0_0;  1 drivers
v0x5f6945d1cb40_0 .var "next_state", 2 0;
v0x5f6945d1ce50_0 .net "rst", 0 0, v0x5f6945d49050_0;  1 drivers
v0x5f6945d1d120_0 .var "state", 2 0;
E_0x5f6945cf3b40 .event anyedge, v0x5f6945d1d120_0;
E_0x5f6945d2c530 .event anyedge, v0x5f6945d1d120_0, v0x5f6945d1c850_0;
E_0x5f6945d171d0/0 .event negedge, v0x5f6945d1ce50_0;
E_0x5f6945d171d0/1 .event posedge, v0x5f6945d1c580_0;
E_0x5f6945d171d0 .event/or E_0x5f6945d171d0/0, E_0x5f6945d171d0/1;
    .scope S_0x5f6945cf3490;
T_0 ;
    %wait E_0x5f6945d171d0;
    %load/vec4 v0x5f6945d1ce50_0;
    %nor/r;
    %flag_set/vec4 8;
    %jmp/0xz  T_0.0, 8;
    %pushi/vec4 0, 0, 3;
    %assign/vec4 v0x5f6945d1d120_0, 0;
    %jmp T_0.1;
T_0.0 ;
    %load/vec4 v0x5f6945d1cb40_0;
    %assign/vec4 v0x5f6945d1d120_0, 0;
T_0.1 ;
    %jmp T_0;
    .thread T_0;
    .scope S_0x5f6945cf3490;
T_1 ;
    %wait E_0x5f6945d2c530;
    %load/vec4 v0x5f6945d1d120_0;
    %dup/vec4;
    %pushi/vec4 0, 0, 3;
    %cmp/u;
    %jmp/1 T_1.0, 6;
    %dup/vec4;
    %pushi/vec4 1, 0, 3;
    %cmp/u;
    %jmp/1 T_1.1, 6;
    %dup/vec4;
    %pushi/vec4 2, 0, 3;
    %cmp/u;
    %jmp/1 T_1.2, 6;
    %dup/vec4;
    %pushi/vec4 3, 0, 3;
    %cmp/u;
    %jmp/1 T_1.3, 6;
    %jmp T_1.4;
T_1.0 ;
    %load/vec4 v0x5f6945d1c850_0;
    %flag_set/vec4 8;
    %jmp/0xz  T_1.5, 8;
    %pushi/vec4 1, 0, 3;
    %store/vec4 v0x5f6945d1cb40_0, 0, 3;
    %jmp T_1.6;
T_1.5 ;
    %pushi/vec4 0, 0, 3;
    %store/vec4 v0x5f6945d1cb40_0, 0, 3;
T_1.6 ;
    %jmp T_1.4;
T_1.1 ;
    %load/vec4 v0x5f6945d1c850_0;
    %flag_set/vec4 8;
    %jmp/0xz  T_1.7, 8;
    %pushi/vec4 1, 0, 3;
    %store/vec4 v0x5f6945d1cb40_0, 0, 3;
    %jmp T_1.8;
T_1.7 ;
    %pushi/vec4 2, 0, 3;
    %store/vec4 v0x5f6945d1cb40_0, 0, 3;
T_1.8 ;
    %jmp T_1.4;
T_1.2 ;
    %load/vec4 v0x5f6945d1c850_0;
    %flag_set/vec4 8;
    %jmp/0xz  T_1.9, 8;
    %pushi/vec4 3, 0, 3;
    %store/vec4 v0x5f6945d1cb40_0, 0, 3;
    %jmp T_1.10;
T_1.9 ;
    %pushi/vec4 0, 0, 3;
    %store/vec4 v0x5f6945d1cb40_0, 0, 3;
T_1.10 ;
    %jmp T_1.4;
T_1.3 ;
    %load/vec4 v0x5f6945d1c850_0;
    %flag_set/vec4 8;
    %jmp/0xz  T_1.11, 8;
    %pushi/vec4 1, 0, 3;
    %store/vec4 v0x5f6945d1cb40_0, 0, 3;
    %jmp T_1.12;
T_1.11 ;
    %pushi/vec4 0, 0, 3;
    %store/vec4 v0x5f6945d1cb40_0, 0, 3;
T_1.12 ;
    %jmp T_1.4;
T_1.4 ;
    %pop/vec4 1;
    %jmp T_1;
    .thread T_1, $push;
    .scope S_0x5f6945cf3490;
T_2 ;
    %wait E_0x5f6945cf3b40;
    %load/vec4 v0x5f6945d1d120_0;
    %cmpi/e 3, 0, 3;
    %jmp/0xz  T_2.0, 4;
    %pushi/vec4 1, 0, 1;
    %store/vec4 v0x5f6945d1c270_0, 0, 1;
    %jmp T_2.1;
T_2.0 ;
    %pushi/vec4 0, 0, 1;
    %store/vec4 v0x5f6945d1c270_0, 0, 1;
T_2.1 ;
    %jmp T_2;
    .thread T_2, $push;
    .scope S_0x5f6945d30190;
T_3 ;
    %delay 5, 0;
    %load/vec4 v0x5f6945d48f10_0;
    %inv;
    %store/vec4 v0x5f6945d48f10_0, 0, 1;
    %jmp T_3;
    .thread T_3;
    .scope S_0x5f6945d30190;
T_4 ;
    %pushi/vec4 0, 0, 1;
    %store/vec4 v0x5f6945d48f10_0, 0, 1;
    %pushi/vec4 0, 0, 1;
    %store/vec4 v0x5f6945d49050_0, 0, 1;
    %pushi/vec4 0, 0, 1;
    %store/vec4 v0x5f6945d48fb0_0, 0, 1;
    %delay 10, 0;
    %pushi/vec4 1, 0, 1;
    %store/vec4 v0x5f6945d49050_0, 0, 1;
    %wait E_0x5f6945d2c6b0;
    %pushi/vec4 1, 0, 1;
    %assign/vec4 v0x5f6945d48fb0_0, 0;
    %wait E_0x5f6945d2c6b0;
    %pushi/vec4 0, 0, 1;
    %assign/vec4 v0x5f6945d48fb0_0, 0;
    %wait E_0x5f6945d2c6b0;
    %pushi/vec4 1, 0, 1;
    %assign/vec4 v0x5f6945d48fb0_0, 0;
    %wait E_0x5f6945d2c6b0;
    %pushi/vec4 1, 0, 1;
    %assign/vec4 v0x5f6945d48fb0_0, 0;
    %wait E_0x5f6945d2c6b0;
    %pushi/vec4 0, 0, 1;
    %assign/vec4 v0x5f6945d48fb0_0, 0;
    %wait E_0x5f6945d2c6b0;
    %pushi/vec4 1, 0, 1;
    %assign/vec4 v0x5f6945d48fb0_0, 0;
    %wait E_0x5f6945d2c6b0;
    %pushi/vec4 0, 0, 1;
    %assign/vec4 v0x5f6945d48fb0_0, 0;
    %wait E_0x5f6945d2c6b0;
    %pushi/vec4 0, 0, 1;
    %assign/vec4 v0x5f6945d48fb0_0, 0;
    %wait E_0x5f6945d2c6b0;
    %pushi/vec4 1, 0, 1;
    %assign/vec4 v0x5f6945d48fb0_0, 0;
    %wait E_0x5f6945d2c6b0;
    %pushi/vec4 0, 0, 1;
    %assign/vec4 v0x5f6945d48fb0_0, 0;
    %wait E_0x5f6945d2c6b0;
    %pushi/vec4 1, 0, 1;
    %assign/vec4 v0x5f6945d48fb0_0, 0;
    %wait E_0x5f6945d2c6b0;
    %pushi/vec4 0, 0, 1;
    %assign/vec4 v0x5f6945d48fb0_0, 0;
    %delay 200, 0;
    %vpi_call 2 31 "$finish" {0 0 0};
    %end;
    .thread T_4;
    .scope S_0x5f6945d30190;
T_5 ;
    %vpi_call 2 34 "$dumpfile", "out_sequence.vcd" {0 0 0};
    %vpi_call 2 35 "$dumpvars", 32'sb00000000000000000000000000000000, S_0x5f6945d30190 {0 0 0};
    %vpi_call 2 36 "$monitor", "Time=%0t | d=%b | Q=%b", $time, v0x5f6945d48fb0_0, v0x5f6945d1d430_0 {0 0 0};
    %end;
    .thread T_5;
# The file index is used to find the file name in the following table.
:file_names 4;
    "N/A";
    "<interactive>";
    "tb_sequence.v";
    "sequence.v";
