#! /usr/bin/vvp
:ivl_version "12.0 (stable)";
:ivl_delay_selection "TYPICAL";
:vpi_time_precision + 0;
:vpi_module "/usr/lib/x86_64-linux-gnu/ivl/system.vpi";
:vpi_module "/usr/lib/x86_64-linux-gnu/ivl/vhdl_sys.vpi";
:vpi_module "/usr/lib/x86_64-linux-gnu/ivl/vhdl_textio.vpi";
:vpi_module "/usr/lib/x86_64-linux-gnu/ivl/v2005_math.vpi";
:vpi_module "/usr/lib/x86_64-linux-gnu/ivl/va_math.vpi";
S_0x63ca5dc141e0 .scope module, "tbmux_multi" "tbmux_multi" 2 1;
 .timescale 0 0;
v0x63ca5dc2ce00_0 .var "a", 0 0;
v0x63ca5dc2cec0_0 .var "b", 0 0;
v0x63ca5dc2cf90_0 .var "c", 0 0;
v0x63ca5dc2d090_0 .var "d", 0 0;
v0x63ca5dc2d160_0 .var/i "i", 31 0;
v0x63ca5dc2d200_0 .var/i "j", 31 0;
v0x63ca5dc2d2a0_0 .var "sel", 1 0;
v0x63ca5dc2d340_0 .net "y", 0 0, L_0x63ca5dc2dc70;  1 drivers
S_0x63ca5dc14370 .scope module, "uut" "mux_multi" 2 7, 3 1 0, S_0x63ca5dc141e0;
 .timescale 0 0;
    .port_info 0 /INPUT 1 "a";
    .port_info 1 /INPUT 1 "b";
    .port_info 2 /INPUT 1 "c";
    .port_info 3 /INPUT 1 "d";
    .port_info 4 /INPUT 2 "sel";
    .port_info 5 /OUTPUT 1 "y";
L_0x63ca5dc2d530 .functor NOT 1, L_0x63ca5dc2d410, C4<0>, C4<0>, C4<0>;
L_0x63ca5dc2d690 .functor NOT 1, L_0x63ca5dc2d5f0, C4<0>, C4<0>, C4<0>;
L_0x63ca5dc2da70 .functor NOT 1, L_0x63ca5dc2d910, C4<0>, C4<0>, C4<0>;
v0x63ca5dbda490_0 .net *"_ivl_1", 0 0, L_0x63ca5dc2d410;  1 drivers
v0x63ca5dc2c250_0 .net *"_ivl_11", 0 0, L_0x63ca5dc2d910;  1 drivers
v0x63ca5dc2c330_0 .net *"_ivl_12", 0 0, L_0x63ca5dc2da70;  1 drivers
v0x63ca5dc2c3f0_0 .net *"_ivl_14", 0 0, L_0x63ca5dc2dae0;  1 drivers
v0x63ca5dc2c4d0_0 .net *"_ivl_2", 0 0, L_0x63ca5dc2d530;  1 drivers
v0x63ca5dc2c600_0 .net *"_ivl_5", 0 0, L_0x63ca5dc2d5f0;  1 drivers
v0x63ca5dc2c6e0_0 .net *"_ivl_6", 0 0, L_0x63ca5dc2d690;  1 drivers
v0x63ca5dc2c7c0_0 .net *"_ivl_8", 0 0, L_0x63ca5dc2d780;  1 drivers
v0x63ca5dc2c8a0_0 .net "a", 0 0, v0x63ca5dc2ce00_0;  1 drivers
v0x63ca5dc2c960_0 .net "b", 0 0, v0x63ca5dc2cec0_0;  1 drivers
v0x63ca5dc2ca20_0 .net "c", 0 0, v0x63ca5dc2cf90_0;  1 drivers
v0x63ca5dc2cae0_0 .net "d", 0 0, v0x63ca5dc2d090_0;  1 drivers
v0x63ca5dc2cba0_0 .net "sel", 1 0, v0x63ca5dc2d2a0_0;  1 drivers
v0x63ca5dc2cc80_0 .net "y", 0 0, L_0x63ca5dc2dc70;  alias, 1 drivers
L_0x63ca5dc2d410 .part v0x63ca5dc2d2a0_0, 1, 1;
L_0x63ca5dc2d5f0 .part v0x63ca5dc2d2a0_0, 0, 1;
L_0x63ca5dc2d780 .functor MUXZ 1, v0x63ca5dc2cec0_0, v0x63ca5dc2ce00_0, L_0x63ca5dc2d690, C4<>;
L_0x63ca5dc2d910 .part v0x63ca5dc2d2a0_0, 0, 1;
L_0x63ca5dc2dae0 .functor MUXZ 1, v0x63ca5dc2d090_0, v0x63ca5dc2cf90_0, L_0x63ca5dc2da70, C4<>;
L_0x63ca5dc2dc70 .functor MUXZ 1, L_0x63ca5dc2dae0, L_0x63ca5dc2d780, L_0x63ca5dc2d530, C4<>;
    .scope S_0x63ca5dc141e0;
T_0 ;
    %pushi/vec4 0, 0, 1;
    %store/vec4 v0x63ca5dc2ce00_0, 0, 1;
    %pushi/vec4 0, 0, 1;
    %store/vec4 v0x63ca5dc2cec0_0, 0, 1;
    %pushi/vec4 0, 0, 1;
    %store/vec4 v0x63ca5dc2cf90_0, 0, 1;
    %pushi/vec4 0, 0, 1;
    %store/vec4 v0x63ca5dc2d090_0, 0, 1;
    %pushi/vec4 0, 0, 2;
    %store/vec4 v0x63ca5dc2d2a0_0, 0, 2;
    %pushi/vec4 0, 0, 32;
    %store/vec4 v0x63ca5dc2d200_0, 0, 32;
T_0.0 ;
    %load/vec4 v0x63ca5dc2d200_0;
    %cmpi/s 4, 0, 32;
    %jmp/0xz T_0.1, 5;
    %load/vec4 v0x63ca5dc2d200_0;
    %pad/s 2;
    %split/vec4 1;
    %ix/load 4, 0, 0;
    %flag_set/imm 4, 0;
    %store/vec4 v0x63ca5dc2d2a0_0, 4, 1;
    %ix/load 4, 1, 0;
    %flag_set/imm 4, 0;
    %store/vec4 v0x63ca5dc2d2a0_0, 4, 1;
    %pushi/vec4 0, 0, 32;
    %store/vec4 v0x63ca5dc2d160_0, 0, 32;
T_0.2 ;
    %load/vec4 v0x63ca5dc2d160_0;
    %cmpi/s 16, 0, 32;
    %jmp/0xz T_0.3, 5;
    %delay 10, 0;
    %load/vec4 v0x63ca5dc2d160_0;
    %pad/s 4;
    %split/vec4 1;
    %store/vec4 v0x63ca5dc2d090_0, 0, 1;
    %split/vec4 1;
    %store/vec4 v0x63ca5dc2cf90_0, 0, 1;
    %split/vec4 1;
    %store/vec4 v0x63ca5dc2cec0_0, 0, 1;
    %store/vec4 v0x63ca5dc2ce00_0, 0, 1;
    %load/vec4 v0x63ca5dc2d160_0;
    %addi 1, 0, 32;
    %store/vec4 v0x63ca5dc2d160_0, 0, 32;
    %jmp T_0.2;
T_0.3 ;
    %load/vec4 v0x63ca5dc2d200_0;
    %addi 1, 0, 32;
    %store/vec4 v0x63ca5dc2d200_0, 0, 32;
    %jmp T_0.0;
T_0.1 ;
    %end;
    .thread T_0;
    .scope S_0x63ca5dc141e0;
T_1 ;
    %vpi_call 2 26 "$dumpfile", "out_muxmulti.vcd" {0 0 0};
    %vpi_call 2 27 "$dumpvars", 32'sb00000000000000000000000000000000, S_0x63ca5dc141e0 {0 0 0};
    %vpi_call 2 28 "$monitor", "a=%0b b=%0b c=%0b d=%0b sel=%0b y=%0b", v0x63ca5dc2ce00_0, v0x63ca5dc2cec0_0, v0x63ca5dc2cf90_0, v0x63ca5dc2d090_0, v0x63ca5dc2d2a0_0, v0x63ca5dc2d340_0 {0 0 0};
    %end;
    .thread T_1;
# The file index is used to find the file name in the following table.
:file_names 4;
    "N/A";
    "<interactive>";
    "tbmux_multi.v";
    "mux_multi.v";
